{"level":"debug","time":"2024-10-05T15:59:43.000+0200","caller":"ulimit/ulimit.go:35","msg":"File descriptor limit 138240"}
{"level":"info","time":"2024-10-05T15:59:43.085+0200","caller":"cmd/lt.go:207","msg":"LambdaTest Tunnel version: 3.2.1"}
{"level":"debug","time":"2024-10-05T15:59:43.086+0200","caller":"core/lifecycle.go:41","msg":"Starting pipeline....."}
{"level":"debug","time":"2024-10-05T15:59:43.086+0200","caller":"core/lifecycle.go:42","msg":"OS: darwin, Arch: arm64"}
{"level":"debug","time":"2024-10-05T15:59:43.086+0200","caller":"core/lifecycle.go:43","msg":"Fetching config"}
{"level":"debug","time":"2024-10-05T15:59:43.086+0200","caller":"core/lifecycle.go:65","msg":"Starting tunnel With flags: --user rambodrahmani --key ***** --tunnelName LT_Tunnel -v --env prod --controller npm --infoAPIPort 56233 --logFile Rambods-MacBook-Pro.local56233.log --port 56234"}
{"level":"debug","time":"2024-10-05T15:59:43.355+0200","caller":"core/lifecycle.go:83","msg":"Remote config fetched"}
{"level":"debug","time":"2024-10-05T15:59:43.533+0200","caller":"apiserver/setup.go:166","msg":"Starting API server"}
{"level":"debug","time":"2024-10-05T15:59:43.533+0200","caller":"networkscanner/setup.go:103","msg":"Trying on port 443"}
{"level":"debug","time":"2024-10-05T15:59:43.533+0200","caller":"networkscanner/setup.go:69","msg":"Trying on port 22"}
{"level":"debug","time":"2024-10-05T15:59:43.533+0200","caller":"custom/setup.go:918","msg":"Starting sink proxy"}
{"level":"debug","time":"2024-10-05T15:59:43.533+0200","caller":"networkscanner/setup.go:137","msg":"Trying over ssh over ws"}
{"level":"debug","time":"2024-10-05T15:59:43.533+0200","caller":"networkscanner/setup.go:191","msg":"Trying on port 443"}
{"level":"debug","time":"2024-10-05T15:59:43.533+0200","caller":"apiserver/setup.go:148","msg":"Starting API server for tunnel info on port: 56233"}
{"level":"info","time":"2024-10-05T15:59:43.534+0200","caller":"custom/setup.go:861","msg":"Tunnel binary started on port :56234"}
{"level":"debug","time":"2024-10-05T15:59:43.552+0200","caller":"networkscanner/setup.go:207","msg":"TCP connection was successful"}
{"level":"debug","time":"2024-10-05T15:59:43.590+0200","caller":"networkscanner/setup.go:154","msg":"WSS connection was successful"}
{"level":"debug","time":"2024-10-05T15:59:44.307+0200","caller":"networkscanner/setup.go:90","msg":"SSH connection over port 22 successful"}
{"level":"debug","time":"2024-10-05T15:59:44.325+0200","caller":"networkscanner/setup.go:179","msg":"SSH connection over ws successful"}
{"level":"debug","time":"2024-10-05T15:59:44.336+0200","caller":"networkscanner/setup.go:124","msg":"SSH connection over port 443 successful"}
{"level":"info","time":"2024-10-05T15:59:44.336+0200","caller":"core/lifecycle.go:121","msg":"Using ssh(over_22) :: connection mode"}
{"level":"info","time":"2024-10-05T15:59:44.336+0200","caller":"core/lifecycle.go:271","msg":"Launching tunnel"}
{"level":"debug","time":"2024-10-05T15:59:44.336+0200","caller":"ws/control.go:34","msg":"Starting control ws connection at wss://ts.lambdatest.com/monitor"}
{"level":"debug","time":"2024-10-05T15:59:44.513+0200","caller":"ws/control.go:72","msg":"Control ws channel opened"}
{"level":"debug","time":"2024-10-05T15:59:44.513+0200","caller":"ws/control.go:131","msg":"Starting message listener on control connection"}
{"level":"debug","time":"2024-10-05T15:59:45.269+0200","caller":"tunnelmanager/controller.go:150","msg":"otel disabled"}
{"level":"debug","time":"2024-10-05T15:59:45.269+0200","caller":"core/lifecycle.go:370","msg":"Sending tunnel registered message to channels"}
{"level":"debug","time":"2024-10-05T15:59:45.269+0200","caller":"ws/control.go:196","msg":"Tunnel registered message received on control channel"}
{"level":"debug","time":"2024-10-05T15:59:45.269+0200","caller":"ssh/setup.go:71","msg":"Using 5 ssh connection"}
{"level":"debug","time":"2024-10-05T15:59:45.269+0200","caller":"ws/control.go:200","msg":"controller bus registered"}
{"level":"debug","time":"2024-10-05T15:59:46.010+0200","caller":"ssh/ssh.go:216","msg":"Successfully started sshd listener on port: 13162"}
{"level":"debug","time":"2024-10-05T15:59:46.010+0200","caller":"ssh/ssh.go:216","msg":"Successfully started sshd listener on port: 28037"}
{"level":"info","time":"2024-10-05T15:59:46.010+0200","caller":"core/lifecycle.go:393","msg":"You can start testing now"}
{"level":"info","time":"2024-10-05T15:59:46.010+0200","caller":"core/lifecycle.go:394","msg":"Tunnel ID: 2563317"}
{"level":"debug","time":"2024-10-05T15:59:46.010+0200","caller":"core/lifecycle.go:395","msg":"Remote Listener Started on Port 2084"}
{"level":"debug","time":"2024-10-05T15:59:46.015+0200","caller":"ssh/ssh.go:216","msg":"Successfully started sshd listener on port: 16920"}
{"level":"debug","time":"2024-10-05T15:59:46.019+0200","caller":"ssh/ssh.go:216","msg":"Successfully started sshd listener on port: 29535"}
{"level":"debug","time":"2024-10-05T15:59:46.020+0200","caller":"ssh/ssh.go:216","msg":"Successfully started sshd listener on port: 29743"}
{"level":"debug","time":"2024-10-05T16:01:14.177+0200","caller":"custom/setup.go:392","msg":"handle http request for http://localhost:8080/","tunnelID":"2563317","requestID":1}
{"level":"debug","time":"2024-10-05T16:01:19.497+0200","caller":"custom/setup.go:392","msg":"handle http request for http://r10.o.lencr.org/","tunnelID":"2563317","requestID":2}
{"level":"debug","time":"2024-10-05T16:01:19.497+0200","caller":"custom/setup.go:392","msg":"handle http request for http://r10.o.lencr.org/","tunnelID":"2563317","requestID":3}
{"level":"debug","time":"2024-10-05T16:01:20.158+0200","caller":"custom/setup.go:588","msg":"handling connect request for URL https://shavar.services.mozilla.com:443","tunnelID":"2563317","requestID":4}
{"level":"debug","time":"2024-10-05T16:01:20.260+0200","caller":"custom/setup.go:588","msg":"handling connect request for URL https://firefox.settings.services.mozilla.com:443","tunnelID":"2563317","requestID":5}
{"level":"debug","time":"2024-10-05T16:01:20.786+0200","caller":"custom/setup.go:588","msg":"handling connect request for URL https://content-signature-2.cdn.mozilla.net:443","tunnelID":"2563317","requestID":6}
{"level":"debug","time":"2024-10-05T16:01:22.188+0200","caller":"custom/setup.go:588","msg":"handling connect request for URL https://tracking-protection.cdn.mozilla.net:443","tunnelID":"2563317","requestID":7}
{"level":"debug","time":"2024-10-05T16:01:24.225+0200","caller":"custom/setup.go:392","msg":"handle http request for http://localhost:8080/","tunnelID":"2563317","requestID":8}
{"level":"debug","time":"2024-10-05T16:01:24.411+0200","caller":"custom/setup.go:392","msg":"handle http request for http://localhost:8080/js/chunk-vendors.js","tunnelID":"2563317","requestID":9}
{"level":"debug","time":"2024-10-05T16:01:24.417+0200","caller":"custom/setup.go:392","msg":"handle http request for http://localhost:8080/js/app.js","tunnelID":"2563317","requestID":10}
{"level":"debug","time":"2024-10-05T16:01:25.232+0200","caller":"custom/setup.go:392","msg":"handle http request for http://192.168.1.6:8080/ws","tunnelID":"2563317","requestID":11}
{"level":"debug","time":"2024-10-05T16:01:25.350+0200","caller":"custom/setup.go:392","msg":"handle http request for http://localhost:8080/","tunnelID":"2563317","requestID":12}
{"level":"debug","time":"2024-10-05T16:01:25.574+0200","caller":"custom/setup.go:392","msg":"handle http request for http://localhost:8080/js/chunk-vendors.js","tunnelID":"2563317","requestID":13}
{"level":"debug","time":"2024-10-05T16:01:25.578+0200","caller":"custom/setup.go:392","msg":"handle http request for http://localhost:8080/js/app.js","tunnelID":"2563317","requestID":14}
{"level":"debug","time":"2024-10-05T16:01:25.880+0200","caller":"custom/setup.go:392","msg":"handle http request for http://192.168.1.6:8080/ws","tunnelID":"2563317","requestID":15}
{"level":"debug","time":"2024-10-05T16:01:25.943+0200","caller":"custom/setup.go:392","msg":"handle http request for http://localhost:8080/","tunnelID":"2563317","requestID":16}
{"level":"debug","time":"2024-10-05T16:01:26.099+0200","caller":"custom/setup.go:392","msg":"handle http request for http://localhost:8080/js/app.js","tunnelID":"2563317","requestID":17}
{"level":"debug","time":"2024-10-05T16:01:26.098+0200","caller":"custom/setup.go:392","msg":"handle http request for http://localhost:8080/js/chunk-vendors.js","tunnelID":"2563317","requestID":18}
{"level":"debug","time":"2024-10-05T16:01:26.399+0200","caller":"custom/setup.go:392","msg":"handle http request for http://192.168.1.6:8080/ws","tunnelID":"2563317","requestID":19}
{"level":"debug","time":"2024-10-05T16:01:26.478+0200","caller":"custom/setup.go:392","msg":"handle http request for http://localhost:8080/","tunnelID":"2563317","requestID":20}
{"level":"debug","time":"2024-10-05T16:01:26.669+0200","caller":"custom/setup.go:392","msg":"handle http request for http://localhost:8080/js/chunk-vendors.js","tunnelID":"2563317","requestID":21}
{"level":"debug","time":"2024-10-05T16:01:26.677+0200","caller":"custom/setup.go:392","msg":"handle http request for http://localhost:8080/js/app.js","tunnelID":"2563317","requestID":22}
{"level":"debug","time":"2024-10-05T16:01:26.984+0200","caller":"custom/setup.go:392","msg":"handle http request for http://192.168.1.6:8080/ws","tunnelID":"2563317","requestID":23}
{"level":"debug","time":"2024-10-05T16:01:37.957+0200","caller":"custom/setup.go:392","msg":"handle http request for http://localhost:8080/","tunnelID":"2563317","requestID":24}
{"level":"debug","time":"2024-10-05T16:01:41.841+0200","caller":"custom/setup.go:588","msg":"handling connect request for URL https://clientservices.googleapis.com:443","tunnelID":"2563317","requestID":25}
{"level":"debug","time":"2024-10-05T16:01:41.842+0200","caller":"custom/setup.go:588","msg":"handling connect request for URL https://safebrowsingohttpgateway.googleapis.com:443","tunnelID":"2563317","requestID":26}
{"level":"debug","time":"2024-10-05T16:01:41.849+0200","caller":"custom/setup.go:588","msg":"handling connect request for URL https://accounts.google.com:443","tunnelID":"2563317","requestID":27}
{"level":"debug","time":"2024-10-05T16:01:43.994+0200","caller":"custom/setup.go:392","msg":"handle http request for http://localhost:8080/","tunnelID":"2563317","requestID":28}
{"level":"debug","time":"2024-10-05T16:01:44.170+0200","caller":"custom/setup.go:392","msg":"handle http request for http://localhost:8080/js/chunk-vendors.js","tunnelID":"2563317","requestID":29}
{"level":"debug","time":"2024-10-05T16:01:44.282+0200","caller":"custom/setup.go:392","msg":"handle http request for http://localhost:8080/js/app.js","tunnelID":"2563317","requestID":30}
{"level":"debug","time":"2024-10-05T16:01:45.141+0200","caller":"custom/setup.go:392","msg":"handle http request for http://localhost:8080/","tunnelID":"2563317","requestID":31}
{"level":"debug","time":"2024-10-05T16:01:45.305+0200","caller":"custom/setup.go:392","msg":"handle http request for http://localhost:8080/js/app.js","tunnelID":"2563317","requestID":33}
{"level":"debug","time":"2024-10-05T16:01:45.305+0200","caller":"custom/setup.go:392","msg":"handle http request for http://localhost:8080/js/chunk-vendors.js","tunnelID":"2563317","requestID":32}
{"level":"debug","time":"2024-10-05T16:01:45.581+0200","caller":"custom/setup.go:392","msg":"handle http request for http://192.168.1.6:8080/ws","tunnelID":"2563317","requestID":34}
{"level":"debug","time":"2024-10-05T16:01:45.613+0200","caller":"custom/setup.go:392","msg":"handle http request for http://localhost:8080/","tunnelID":"2563317","requestID":35}
{"level":"debug","time":"2024-10-05T16:01:45.792+0200","caller":"custom/setup.go:392","msg":"handle http request for http://localhost:8080/js/chunk-vendors.js","tunnelID":"2563317","requestID":36}
{"level":"debug","time":"2024-10-05T16:01:45.792+0200","caller":"custom/setup.go:392","msg":"handle http request for http://localhost:8080/js/app.js","tunnelID":"2563317","requestID":37}
{"level":"debug","time":"2024-10-05T16:01:46.007+0200","caller":"custom/setup.go:392","msg":"handle http request for http://localhost:8080/","tunnelID":"2563317","requestID":38}
{"level":"debug","time":"2024-10-05T16:01:46.165+0200","caller":"custom/setup.go:392","msg":"handle http request for http://localhost:8080/js/chunk-vendors.js","tunnelID":"2563317","requestID":39}
{"level":"debug","time":"2024-10-05T16:01:46.167+0200","caller":"custom/setup.go:392","msg":"handle http request for http://localhost:8080/js/app.js","tunnelID":"2563317","requestID":40}
{"level":"debug","time":"2024-10-05T16:01:46.433+0200","caller":"custom/setup.go:392","msg":"handle http request for http://192.168.1.6:8080/ws","tunnelID":"2563317","requestID":41}
{"level":"debug","time":"2024-10-05T16:01:57.349+0200","caller":"custom/setup.go:392","msg":"handle http request for http://localhost:8080/","tunnelID":"2563317","requestID":42}
{"level":"debug","time":"2024-10-05T16:02:00.546+0200","caller":"custom/setup.go:392","msg":"handle http request for http://r10.o.lencr.org/","tunnelID":"2563317","requestID":43}
{"level":"debug","time":"2024-10-05T16:02:00.687+0200","caller":"custom/setup.go:392","msg":"handle http request for http://r10.o.lencr.org/","tunnelID":"2563317","requestID":44}
{"level":"debug","time":"2024-10-05T16:02:01.018+0200","caller":"custom/setup.go:588","msg":"handling connect request for URL https://shavar.services.mozilla.com:443","tunnelID":"2563317","requestID":45}
{"level":"debug","time":"2024-10-05T16:02:01.063+0200","caller":"custom/setup.go:588","msg":"handling connect request for URL https://firefox.settings.services.mozilla.com:443","tunnelID":"2563317","requestID":46}
{"level":"debug","time":"2024-10-05T16:02:01.566+0200","caller":"custom/setup.go:588","msg":"handling connect request for URL https://content-signature-2.cdn.mozilla.net:443","tunnelID":"2563317","requestID":47}
{"level":"debug","time":"2024-10-05T16:02:01.589+0200","caller":"custom/setup.go:588","msg":"handling connect request for URL https://content-signature-2.cdn.mozilla.net:443","tunnelID":"2563317","requestID":48}
{"level":"debug","time":"2024-10-05T16:02:02.816+0200","caller":"custom/setup.go:588","msg":"handling connect request for URL https://tracking-protection.cdn.mozilla.net:443","tunnelID":"2563317","requestID":49}
{"level":"debug","time":"2024-10-05T16:02:04.949+0200","caller":"custom/setup.go:392","msg":"handle http request for http://localhost:8080/","tunnelID":"2563317","requestID":50}
{"level":"debug","time":"2024-10-05T16:02:05.130+0200","caller":"custom/setup.go:392","msg":"handle http request for http://localhost:8080/js/chunk-vendors.js","tunnelID":"2563317","requestID":51}
{"level":"debug","time":"2024-10-05T16:02:05.134+0200","caller":"custom/setup.go:392","msg":"handle http request for http://localhost:8080/js/app.js","tunnelID":"2563317","requestID":52}
{"level":"debug","time":"2024-10-05T16:02:05.942+0200","caller":"custom/setup.go:392","msg":"handle http request for http://192.168.1.6:8080/ws","tunnelID":"2563317","requestID":53}
{"level":"debug","time":"2024-10-05T16:02:06.018+0200","caller":"custom/setup.go:392","msg":"handle http request for http://localhost:8080/","tunnelID":"2563317","requestID":54}
{"level":"debug","time":"2024-10-05T16:02:06.178+0200","caller":"custom/setup.go:392","msg":"handle http request for http://localhost:8080/js/chunk-vendors.js","tunnelID":"2563317","requestID":55}
{"level":"debug","time":"2024-10-05T16:02:06.184+0200","caller":"custom/setup.go:392","msg":"handle http request for http://localhost:8080/js/app.js","tunnelID":"2563317","requestID":56}
{"level":"debug","time":"2024-10-05T16:02:06.477+0200","caller":"custom/setup.go:392","msg":"handle http request for http://192.168.1.6:8080/ws","tunnelID":"2563317","requestID":57}
{"level":"debug","time":"2024-10-05T16:02:06.619+0200","caller":"custom/setup.go:392","msg":"handle http request for http://localhost:8080/","tunnelID":"2563317","requestID":58}
{"level":"debug","time":"2024-10-05T16:02:06.764+0200","caller":"custom/setup.go:392","msg":"handle http request for http://localhost:8080/js/chunk-vendors.js","tunnelID":"2563317","requestID":59}
{"level":"debug","time":"2024-10-05T16:02:06.764+0200","caller":"custom/setup.go:392","msg":"handle http request for http://localhost:8080/js/app.js","tunnelID":"2563317","requestID":60}
{"level":"debug","time":"2024-10-05T16:02:07.084+0200","caller":"custom/setup.go:392","msg":"handle http request for http://192.168.1.6:8080/ws","tunnelID":"2563317","requestID":61}
{"level":"debug","time":"2024-10-05T16:02:07.114+0200","caller":"custom/setup.go:392","msg":"handle http request for http://localhost:8080/","tunnelID":"2563317","requestID":62}
{"level":"debug","time":"2024-10-05T16:02:07.267+0200","caller":"custom/setup.go:392","msg":"handle http request for http://localhost:8080/js/app.js","tunnelID":"2563317","requestID":63}
{"level":"debug","time":"2024-10-05T16:02:07.274+0200","caller":"custom/setup.go:392","msg":"handle http request for http://localhost:8080/js/chunk-vendors.js","tunnelID":"2563317","requestID":64}
{"level":"debug","time":"2024-10-05T16:02:07.582+0200","caller":"custom/setup.go:392","msg":"handle http request for http://192.168.1.6:8080/ws","tunnelID":"2563317","requestID":65}
{"level":"debug","time":"2024-10-05T16:02:07.628+0200","caller":"custom/setup.go:392","msg":"handle http request for http://localhost:8080/","tunnelID":"2563317","requestID":66}
{"level":"debug","time":"2024-10-05T16:02:07.778+0200","caller":"custom/setup.go:392","msg":"handle http request for http://localhost:8080/js/app.js","tunnelID":"2563317","requestID":67}
{"level":"debug","time":"2024-10-05T16:02:07.778+0200","caller":"custom/setup.go:392","msg":"handle http request for http://localhost:8080/js/chunk-vendors.js","tunnelID":"2563317","requestID":68}
{"level":"debug","time":"2024-10-05T16:02:08.077+0200","caller":"custom/setup.go:392","msg":"handle http request for http://192.168.1.6:8080/ws","tunnelID":"2563317","requestID":69}
{"level":"debug","time":"2024-10-05T16:02:08.236+0200","caller":"custom/setup.go:392","msg":"handle http request for http://localhost:8080/","tunnelID":"2563317","requestID":70}
{"level":"debug","time":"2024-10-05T16:02:08.390+0200","caller":"custom/setup.go:392","msg":"handle http request for http://localhost:8080/js/chunk-vendors.js","tunnelID":"2563317","requestID":71}
{"level":"debug","time":"2024-10-05T16:02:08.390+0200","caller":"custom/setup.go:392","msg":"handle http request for http://localhost:8080/js/app.js","tunnelID":"2563317","requestID":72}
{"level":"debug","time":"2024-10-05T16:02:08.706+0200","caller":"custom/setup.go:392","msg":"handle http request for http://192.168.1.6:8080/ws","tunnelID":"2563317","requestID":73}
{"level":"debug","time":"2024-10-05T16:02:19.674+0200","caller":"custom/setup.go:392","msg":"handle http request for http://localhost:8080/","tunnelID":"2563317","requestID":74}
{"level":"debug","time":"2024-10-05T16:02:23.030+0200","caller":"custom/setup.go:392","msg":"handle http request for http://r10.o.lencr.org/","tunnelID":"2563317","requestID":75}
{"level":"debug","time":"2024-10-05T16:02:23.031+0200","caller":"custom/setup.go:392","msg":"handle http request for http://r10.o.lencr.org/","tunnelID":"2563317","requestID":76}
{"level":"debug","time":"2024-10-05T16:02:23.229+0200","caller":"custom/setup.go:588","msg":"handling connect request for URL https://shavar.services.mozilla.com:443","tunnelID":"2563317","requestID":77}
{"level":"debug","time":"2024-10-05T16:02:23.322+0200","caller":"custom/setup.go:588","msg":"handling connect request for URL https://firefox.settings.services.mozilla.com:443","tunnelID":"2563317","requestID":78}
{"level":"debug","time":"2024-10-05T16:02:23.905+0200","caller":"custom/setup.go:588","msg":"handling connect request for URL https://content-signature-2.cdn.mozilla.net:443","tunnelID":"2563317","requestID":79}
{"level":"debug","time":"2024-10-05T16:02:23.909+0200","caller":"custom/setup.go:588","msg":"handling connect request for URL https://content-signature-2.cdn.mozilla.net:443","tunnelID":"2563317","requestID":80}
{"level":"debug","time":"2024-10-05T16:02:25.052+0200","caller":"custom/setup.go:588","msg":"handling connect request for URL https://tracking-protection.cdn.mozilla.net:443","tunnelID":"2563317","requestID":81}
{"level":"debug","time":"2024-10-05T16:02:26.644+0200","caller":"custom/setup.go:392","msg":"handle http request for http://localhost:8080/","tunnelID":"2563317","requestID":82}
{"level":"debug","time":"2024-10-05T16:02:26.886+0200","caller":"custom/setup.go:392","msg":"handle http request for http://localhost:8080/js/chunk-vendors.js","tunnelID":"2563317","requestID":83}
{"level":"debug","time":"2024-10-05T16:02:26.887+0200","caller":"custom/setup.go:392","msg":"handle http request for http://localhost:8080/js/app.js","tunnelID":"2563317","requestID":84}
{"level":"debug","time":"2024-10-05T16:02:27.739+0200","caller":"custom/setup.go:392","msg":"handle http request for http://192.168.1.6:8080/ws","tunnelID":"2563317","requestID":85}
{"level":"debug","time":"2024-10-05T16:02:28.265+0200","caller":"custom/setup.go:392","msg":"handle http request for http://localhost:8080/","tunnelID":"2563317","requestID":86}
{"level":"debug","time":"2024-10-05T16:02:28.429+0200","caller":"custom/setup.go:392","msg":"handle http request for http://localhost:8080/js/chunk-vendors.js","tunnelID":"2563317","requestID":87}
{"level":"debug","time":"2024-10-05T16:02:28.429+0200","caller":"custom/setup.go:392","msg":"handle http request for http://localhost:8080/js/app.js","tunnelID":"2563317","requestID":88}
{"level":"debug","time":"2024-10-05T16:02:28.733+0200","caller":"custom/setup.go:392","msg":"handle http request for http://192.168.1.6:8080/ws","tunnelID":"2563317","requestID":89}
{"level":"debug","time":"2024-10-05T16:02:28.779+0200","caller":"custom/setup.go:392","msg":"handle http request for http://localhost:8080/","tunnelID":"2563317","requestID":90}
{"level":"debug","time":"2024-10-05T16:02:28.936+0200","caller":"custom/setup.go:392","msg":"handle http request for http://localhost:8080/js/chunk-vendors.js","tunnelID":"2563317","requestID":91}
{"level":"debug","time":"2024-10-05T16:02:28.940+0200","caller":"custom/setup.go:392","msg":"handle http request for http://localhost:8080/js/app.js","tunnelID":"2563317","requestID":92}
{"level":"debug","time":"2024-10-05T16:02:29.253+0200","caller":"custom/setup.go:392","msg":"handle http request for http://192.168.1.6:8080/ws","tunnelID":"2563317","requestID":93}
{"level":"debug","time":"2024-10-05T16:02:29.398+0200","caller":"custom/setup.go:392","msg":"handle http request for http://localhost:8080/","tunnelID":"2563317","requestID":94}
{"level":"debug","time":"2024-10-05T16:02:29.618+0200","caller":"custom/setup.go:392","msg":"handle http request for http://localhost:8080/js/chunk-vendors.js","tunnelID":"2563317","requestID":95}
{"level":"debug","time":"2024-10-05T16:02:29.619+0200","caller":"custom/setup.go:392","msg":"handle http request for http://localhost:8080/js/app.js","tunnelID":"2563317","requestID":96}
{"level":"debug","time":"2024-10-05T16:02:29.932+0200","caller":"custom/setup.go:392","msg":"handle http request for http://192.168.1.6:8080/ws","tunnelID":"2563317","requestID":97}
{"level":"debug","time":"2024-10-05T16:02:29.983+0200","caller":"custom/setup.go:392","msg":"handle http request for http://localhost:8080/","tunnelID":"2563317","requestID":98}
{"level":"debug","time":"2024-10-05T16:02:30.141+0200","caller":"custom/setup.go:392","msg":"handle http request for http://localhost:8080/js/chunk-vendors.js","tunnelID":"2563317","requestID":99}
{"level":"debug","time":"2024-10-05T16:02:30.155+0200","caller":"custom/setup.go:392","msg":"handle http request for http://localhost:8080/js/app.js","tunnelID":"2563317","requestID":100}
{"level":"debug","time":"2024-10-05T16:02:30.446+0200","caller":"custom/setup.go:392","msg":"handle http request for http://192.168.1.6:8080/ws","tunnelID":"2563317","requestID":101}
{"level":"debug","time":"2024-10-05T16:02:30.491+0200","caller":"custom/setup.go:392","msg":"handle http request for http://localhost:8080/","tunnelID":"2563317","requestID":102}
{"level":"debug","time":"2024-10-05T16:02:30.653+0200","caller":"custom/setup.go:392","msg":"handle http request for http://localhost:8080/js/chunk-vendors.js","tunnelID":"2563317","requestID":103}
{"level":"debug","time":"2024-10-05T16:02:30.654+0200","caller":"custom/setup.go:392","msg":"handle http request for http://localhost:8080/js/app.js","tunnelID":"2563317","requestID":104}
{"level":"debug","time":"2024-10-05T16:02:30.965+0200","caller":"custom/setup.go:392","msg":"handle http request for http://192.168.1.6:8080/ws","tunnelID":"2563317","requestID":105}
{"level":"debug","time":"2024-10-05T16:02:31.028+0200","caller":"custom/setup.go:392","msg":"handle http request for http://localhost:8080/","tunnelID":"2563317","requestID":106}
{"level":"debug","time":"2024-10-05T16:02:31.256+0200","caller":"custom/setup.go:392","msg":"handle http request for http://localhost:8080/js/app.js","tunnelID":"2563317","requestID":108}
{"level":"debug","time":"2024-10-05T16:02:31.256+0200","caller":"custom/setup.go:392","msg":"handle http request for http://localhost:8080/js/chunk-vendors.js","tunnelID":"2563317","requestID":107}
{"level":"debug","time":"2024-10-05T16:02:31.565+0200","caller":"custom/setup.go:392","msg":"handle http request for http://192.168.1.6:8080/ws","tunnelID":"2563317","requestID":109}
{"level":"debug","time":"2024-10-05T16:02:31.734+0200","caller":"custom/setup.go:392","msg":"handle http request for http://localhost:8080/","tunnelID":"2563317","requestID":110}
{"level":"debug","time":"2024-10-05T16:02:31.958+0200","caller":"custom/setup.go:392","msg":"handle http request for http://localhost:8080/js/chunk-vendors.js","tunnelID":"2563317","requestID":112}
{"level":"debug","time":"2024-10-05T16:02:31.958+0200","caller":"custom/setup.go:392","msg":"handle http request for http://localhost:8080/js/app.js","tunnelID":"2563317","requestID":111}
{"level":"debug","time":"2024-10-05T16:02:32.267+0200","caller":"custom/setup.go:392","msg":"handle http request for http://192.168.1.6:8080/ws","tunnelID":"2563317","requestID":113}
{"level":"debug","time":"2024-10-05T16:02:43.385+0200","caller":"custom/setup.go:392","msg":"handle http request for http://localhost:8080/","tunnelID":"2563317","requestID":114}
{"level":"debug","time":"2024-10-05T16:02:47.063+0200","caller":"custom/setup.go:588","msg":"handling connect request for URL https://clientservices.googleapis.com:443","tunnelID":"2563317","requestID":115}
{"level":"debug","time":"2024-10-05T16:02:47.066+0200","caller":"custom/setup.go:588","msg":"handling connect request for URL https://safebrowsingohttpgateway.googleapis.com:443","tunnelID":"2563317","requestID":116}
{"level":"debug","time":"2024-10-05T16:02:47.120+0200","caller":"custom/setup.go:588","msg":"handling connect request for URL https://accounts.google.com:443","tunnelID":"2563317","requestID":117}
{"level":"debug","time":"2024-10-05T16:02:49.559+0200","caller":"custom/setup.go:392","msg":"handle http request for http://localhost:8080/","tunnelID":"2563317","requestID":118}
{"level":"debug","time":"2024-10-05T16:02:49.769+0200","caller":"custom/setup.go:392","msg":"handle http request for http://localhost:8080/js/chunk-vendors.js","tunnelID":"2563317","requestID":119}
{"level":"debug","time":"2024-10-05T16:02:49.884+0200","caller":"custom/setup.go:392","msg":"handle http request for http://localhost:8080/js/app.js","tunnelID":"2563317","requestID":120}
{"level":"debug","time":"2024-10-05T16:02:50.660+0200","caller":"custom/setup.go:392","msg":"handle http request for http://localhost:8080/","tunnelID":"2563317","requestID":121}
{"level":"debug","time":"2024-10-05T16:02:50.839+0200","caller":"custom/setup.go:392","msg":"handle http request for http://localhost:8080/js/chunk-vendors.js","tunnelID":"2563317","requestID":122}
{"level":"debug","time":"2024-10-05T16:02:50.844+0200","caller":"custom/setup.go:392","msg":"handle http request for http://localhost:8080/js/app.js","tunnelID":"2563317","requestID":123}
{"level":"debug","time":"2024-10-05T16:02:51.160+0200","caller":"custom/setup.go:392","msg":"handle http request for http://192.168.1.6:8080/ws","tunnelID":"2563317","requestID":124}
{"level":"debug","time":"2024-10-05T16:02:51.173+0200","caller":"custom/setup.go:392","msg":"handle http request for http://localhost:8080/","tunnelID":"2563317","requestID":125}
{"level":"debug","time":"2024-10-05T16:02:51.339+0200","caller":"custom/setup.go:392","msg":"handle http request for http://localhost:8080/js/app.js","tunnelID":"2563317","requestID":126}
{"level":"debug","time":"2024-10-05T16:02:51.341+0200","caller":"custom/setup.go:392","msg":"handle http request for http://localhost:8080/js/chunk-vendors.js","tunnelID":"2563317","requestID":127}
{"level":"debug","time":"2024-10-05T16:02:51.644+0200","caller":"custom/setup.go:392","msg":"handle http request for http://localhost:8080/","tunnelID":"2563317","requestID":128}
{"level":"debug","time":"2024-10-05T16:02:51.832+0200","caller":"custom/setup.go:392","msg":"handle http request for http://localhost:8080/js/chunk-vendors.js","tunnelID":"2563317","requestID":129}
{"level":"debug","time":"2024-10-05T16:02:51.833+0200","caller":"custom/setup.go:392","msg":"handle http request for http://localhost:8080/js/app.js","tunnelID":"2563317","requestID":130}
{"level":"debug","time":"2024-10-05T16:02:52.035+0200","caller":"custom/setup.go:392","msg":"handle http request for http://localhost:8080/","tunnelID":"2563317","requestID":131}
{"level":"debug","time":"2024-10-05T16:02:52.096+0200","caller":"custom/setup.go:392","msg":"handle http request for http://192.168.1.6:8080/ws","tunnelID":"2563317","requestID":132}
{"level":"debug","time":"2024-10-05T16:02:52.185+0200","caller":"custom/setup.go:392","msg":"handle http request for http://localhost:8080/js/chunk-vendors.js","tunnelID":"2563317","requestID":133}
{"level":"debug","time":"2024-10-05T16:02:52.186+0200","caller":"custom/setup.go:392","msg":"handle http request for http://localhost:8080/js/app.js","tunnelID":"2563317","requestID":134}
{"level":"debug","time":"2024-10-05T16:02:52.381+0200","caller":"custom/setup.go:392","msg":"handle http request for http://localhost:8080/","tunnelID":"2563317","requestID":135}
{"level":"debug","time":"2024-10-05T16:02:52.570+0200","caller":"custom/setup.go:392","msg":"handle http request for http://localhost:8080/js/chunk-vendors.js","tunnelID":"2563317","requestID":136}
{"level":"debug","time":"2024-10-05T16:02:52.570+0200","caller":"custom/setup.go:392","msg":"handle http request for http://localhost:8080/js/app.js","tunnelID":"2563317","requestID":137}
{"level":"debug","time":"2024-10-05T16:02:52.766+0200","caller":"custom/setup.go:392","msg":"handle http request for http://localhost:8080/","tunnelID":"2563317","requestID":138}
{"level":"debug","time":"2024-10-05T16:02:52.819+0200","caller":"custom/setup.go:392","msg":"handle http request for http://192.168.1.6:8080/ws","tunnelID":"2563317","requestID":139}
{"level":"debug","time":"2024-10-05T16:02:52.932+0200","caller":"custom/setup.go:392","msg":"handle http request for http://localhost:8080/js/chunk-vendors.js","tunnelID":"2563317","requestID":140}
{"level":"debug","time":"2024-10-05T16:02:52.936+0200","caller":"custom/setup.go:392","msg":"handle http request for http://localhost:8080/js/app.js","tunnelID":"2563317","requestID":141}
{"level":"debug","time":"2024-10-05T16:02:53.235+0200","caller":"custom/setup.go:392","msg":"handle http request for http://localhost:8080/","tunnelID":"2563317","requestID":142}
{"level":"debug","time":"2024-10-05T16:02:53.392+0200","caller":"custom/setup.go:392","msg":"handle http request for http://localhost:8080/js/chunk-vendors.js","tunnelID":"2563317","requestID":143}
{"level":"debug","time":"2024-10-05T16:02:53.392+0200","caller":"custom/setup.go:392","msg":"handle http request for http://localhost:8080/js/app.js","tunnelID":"2563317","requestID":144}
{"level":"debug","time":"2024-10-05T16:02:53.646+0200","caller":"custom/setup.go:392","msg":"handle http request for http://192.168.1.6:8080/ws","tunnelID":"2563317","requestID":145}
{"level":"debug","time":"2024-10-05T16:03:04.380+0200","caller":"custom/setup.go:392","msg":"handle http request for http://localhost:8080/","tunnelID":"2563317","requestID":146}
{"level":"debug","time":"2024-10-05T16:03:07.598+0200","caller":"custom/setup.go:392","msg":"handle http request for http://r10.o.lencr.org/","tunnelID":"2563317","requestID":147}
{"level":"debug","time":"2024-10-05T16:03:07.608+0200","caller":"custom/setup.go:392","msg":"handle http request for http://r10.o.lencr.org/","tunnelID":"2563317","requestID":148}
{"level":"debug","time":"2024-10-05T16:03:07.971+0200","caller":"custom/setup.go:588","msg":"handling connect request for URL https://firefox.settings.services.mozilla.com:443","tunnelID":"2563317","requestID":149}
{"level":"debug","time":"2024-10-05T16:03:08.510+0200","caller":"custom/setup.go:588","msg":"handling connect request for URL https://content-signature-2.cdn.mozilla.net:443","tunnelID":"2563317","requestID":150}
{"level":"debug","time":"2024-10-05T16:03:08.533+0200","caller":"custom/setup.go:588","msg":"handling connect request for URL https://content-signature-2.cdn.mozilla.net:443","tunnelID":"2563317","requestID":151}
{"level":"debug","time":"2024-10-05T16:03:11.360+0200","caller":"custom/setup.go:392","msg":"handle http request for http://localhost:8080/locator-test/","tunnelID":"2563317","requestID":152}
{"level":"debug","time":"2024-10-05T16:03:11.530+0200","caller":"custom/setup.go:392","msg":"handle http request for http://localhost:8080/js/chunk-vendors.js","tunnelID":"2563317","requestID":153}
{"level":"debug","time":"2024-10-05T16:03:11.532+0200","caller":"custom/setup.go:392","msg":"handle http request for http://localhost:8080/js/app.js","tunnelID":"2563317","requestID":154}
{"level":"debug","time":"2024-10-05T16:03:12.350+0200","caller":"custom/setup.go:392","msg":"handle http request for http://192.168.1.6:8080/ws","tunnelID":"2563317","requestID":155}
{"level":"debug","time":"2024-10-05T16:03:13.427+0200","caller":"custom/setup.go:392","msg":"handle http request for http://localhost:8080/locator-test/","tunnelID":"2563317","requestID":156}
{"level":"debug","time":"2024-10-05T16:03:13.596+0200","caller":"custom/setup.go:392","msg":"handle http request for http://localhost:8080/js/chunk-vendors.js","tunnelID":"2563317","requestID":157}
{"level":"debug","time":"2024-10-05T16:03:13.598+0200","caller":"custom/setup.go:392","msg":"handle http request for http://localhost:8080/js/app.js","tunnelID":"2563317","requestID":158}
{"level":"debug","time":"2024-10-05T16:03:13.894+0200","caller":"custom/setup.go:392","msg":"handle http request for http://192.168.1.6:8080/ws","tunnelID":"2563317","requestID":159}
{"level":"debug","time":"2024-10-05T16:03:26.059+0200","caller":"custom/setup.go:392","msg":"handle http request for http://localhost:8080/","tunnelID":"2563317","requestID":160}
{"level":"debug","time":"2024-10-05T16:03:29.796+0200","caller":"custom/setup.go:588","msg":"handling connect request for URL https://clientservices.googleapis.com:443","tunnelID":"2563317","requestID":161}
{"level":"debug","time":"2024-10-05T16:03:29.812+0200","caller":"custom/setup.go:588","msg":"handling connect request for URL https://safebrowsingohttpgateway.googleapis.com:443","tunnelID":"2563317","requestID":162}
{"level":"debug","time":"2024-10-05T16:03:29.861+0200","caller":"custom/setup.go:588","msg":"handling connect request for URL https://accounts.google.com:443","tunnelID":"2563317","requestID":163}
{"level":"debug","time":"2024-10-05T16:03:31.940+0200","caller":"custom/setup.go:392","msg":"handle http request for http://localhost:8080/locator-test/","tunnelID":"2563317","requestID":164}
{"level":"debug","time":"2024-10-05T16:03:32.128+0200","caller":"custom/setup.go:392","msg":"handle http request for http://localhost:8080/js/app.js","tunnelID":"2563317","requestID":165}
{"level":"debug","time":"2024-10-05T16:03:32.244+0200","caller":"custom/setup.go:392","msg":"handle http request for http://localhost:8080/js/chunk-vendors.js","tunnelID":"2563317","requestID":166}
{"level":"debug","time":"2024-10-05T16:03:33.407+0200","caller":"custom/setup.go:392","msg":"handle http request for http://192.168.1.6:8080/ws","tunnelID":"2563317","requestID":167}
{"level":"debug","time":"2024-10-05T16:03:34.420+0200","caller":"custom/setup.go:392","msg":"handle http request for http://localhost:8080/locator-test/","tunnelID":"2563317","requestID":168}
{"level":"debug","time":"2024-10-05T16:03:34.647+0200","caller":"custom/setup.go:392","msg":"handle http request for http://localhost:8080/js/chunk-vendors.js","tunnelID":"2563317","requestID":169}
{"level":"debug","time":"2024-10-05T16:03:34.651+0200","caller":"custom/setup.go:392","msg":"handle http request for http://localhost:8080/js/app.js","tunnelID":"2563317","requestID":170}
{"level":"debug","time":"2024-10-05T16:03:34.965+0200","caller":"custom/setup.go:392","msg":"handle http request for http://192.168.1.6:8080/ws","tunnelID":"2563317","requestID":171}
{"level":"debug","time":"2024-10-05T16:03:35.524+0200","caller":"custom/setup.go:588","msg":"handling connect request for URL https://content-autofill.googleapis.com:443","tunnelID":"2563317","requestID":172}
{"level":"debug","time":"2024-10-05T16:03:48.465+0200","caller":"custom/setup.go:392","msg":"handle http request for http://localhost:8080/","tunnelID":"2563317","requestID":173}
{"level":"debug","time":"2024-10-05T16:03:52.055+0200","caller":"custom/setup.go:392","msg":"handle http request for http://r10.o.lencr.org/","tunnelID":"2563317","requestID":174}
{"level":"debug","time":"2024-10-05T16:03:52.059+0200","caller":"custom/setup.go:392","msg":"handle http request for http://r10.o.lencr.org/","tunnelID":"2563317","requestID":175}
{"level":"debug","time":"2024-10-05T16:03:52.092+0200","caller":"custom/setup.go:588","msg":"handling connect request for URL https://shavar.services.mozilla.com:443","tunnelID":"2563317","requestID":176}
{"level":"debug","time":"2024-10-05T16:03:52.463+0200","caller":"custom/setup.go:588","msg":"handling connect request for URL https://firefox.settings.services.mozilla.com:443","tunnelID":"2563317","requestID":177}
{"level":"debug","time":"2024-10-05T16:03:52.987+0200","caller":"custom/setup.go:588","msg":"handling connect request for URL https://content-signature-2.cdn.mozilla.net:443","tunnelID":"2563317","requestID":178}
{"level":"debug","time":"2024-10-05T16:03:52.989+0200","caller":"custom/setup.go:588","msg":"handling connect request for URL https://content-signature-2.cdn.mozilla.net:443","tunnelID":"2563317","requestID":179}
{"level":"debug","time":"2024-10-05T16:03:53.903+0200","caller":"custom/setup.go:588","msg":"handling connect request for URL https://tracking-protection.cdn.mozilla.net:443","tunnelID":"2563317","requestID":180}
{"level":"debug","time":"2024-10-05T16:03:56.132+0200","caller":"custom/setup.go:392","msg":"handle http request for http://localhost:8080/about","tunnelID":"2563317","requestID":181}
{"level":"debug","time":"2024-10-05T16:03:56.320+0200","caller":"custom/setup.go:392","msg":"handle http request for http://localhost:8080/js/chunk-vendors.js","tunnelID":"2563317","requestID":182}
{"level":"debug","time":"2024-10-05T16:03:56.324+0200","caller":"custom/setup.go:392","msg":"handle http request for http://localhost:8080/js/app.js","tunnelID":"2563317","requestID":183}
{"level":"debug","time":"2024-10-05T16:03:57.151+0200","caller":"custom/setup.go:392","msg":"handle http request for http://192.168.1.6:8080/ws","tunnelID":"2563317","requestID":184}
{"level":"debug","time":"2024-10-05T16:03:57.289+0200","caller":"custom/setup.go:392","msg":"handle http request for http://localhost:8080/about","tunnelID":"2563317","requestID":185}
{"level":"debug","time":"2024-10-05T16:03:57.464+0200","caller":"custom/setup.go:392","msg":"handle http request for http://localhost:8080/js/chunk-vendors.js","tunnelID":"2563317","requestID":186}
{"level":"debug","time":"2024-10-05T16:03:57.466+0200","caller":"custom/setup.go:392","msg":"handle http request for http://localhost:8080/js/app.js","tunnelID":"2563317","requestID":187}
{"level":"debug","time":"2024-10-05T16:03:57.779+0200","caller":"custom/setup.go:392","msg":"handle http request for http://192.168.1.6:8080/ws","tunnelID":"2563317","requestID":188}
{"level":"debug","time":"2024-10-05T16:03:57.828+0200","caller":"custom/setup.go:392","msg":"handle http request for http://localhost:8080/about","tunnelID":"2563317","requestID":189}
{"level":"debug","time":"2024-10-05T16:03:58.005+0200","caller":"custom/setup.go:392","msg":"handle http request for http://localhost:8080/js/app.js","tunnelID":"2563317","requestID":190}
{"level":"debug","time":"2024-10-05T16:03:58.009+0200","caller":"custom/setup.go:392","msg":"handle http request for http://localhost:8080/js/chunk-vendors.js","tunnelID":"2563317","requestID":191}
{"level":"debug","time":"2024-10-05T16:03:58.347+0200","caller":"custom/setup.go:392","msg":"handle http request for http://192.168.1.6:8080/ws","tunnelID":"2563317","requestID":192}
{"level":"debug","time":"2024-10-05T16:03:58.404+0200","caller":"custom/setup.go:392","msg":"handle http request for http://localhost:8080/about","tunnelID":"2563317","requestID":193}
{"level":"debug","time":"2024-10-05T16:03:58.558+0200","caller":"custom/setup.go:392","msg":"handle http request for http://localhost:8080/js/chunk-vendors.js","tunnelID":"2563317","requestID":194}
{"level":"debug","time":"2024-10-05T16:03:58.560+0200","caller":"custom/setup.go:392","msg":"handle http request for http://localhost:8080/js/app.js","tunnelID":"2563317","requestID":195}
{"level":"debug","time":"2024-10-05T16:03:58.853+0200","caller":"custom/setup.go:392","msg":"handle http request for http://192.168.1.6:8080/ws","tunnelID":"2563317","requestID":196}
{"level":"debug","time":"2024-10-05T16:04:10.158+0200","caller":"custom/setup.go:392","msg":"handle http request for http://localhost:8080/","tunnelID":"2563317","requestID":197}
{"level":"debug","time":"2024-10-05T16:04:13.943+0200","caller":"custom/setup.go:588","msg":"handling connect request for URL https://clientservices.googleapis.com:443","tunnelID":"2563317","requestID":198}
{"level":"debug","time":"2024-10-05T16:04:13.949+0200","caller":"custom/setup.go:588","msg":"handling connect request for URL https://safebrowsingohttpgateway.googleapis.com:443","tunnelID":"2563317","requestID":199}
{"level":"debug","time":"2024-10-05T16:04:13.978+0200","caller":"custom/setup.go:588","msg":"handling connect request for URL https://accounts.google.com:443","tunnelID":"2563317","requestID":200}
{"level":"debug","time":"2024-10-05T16:04:16.529+0200","caller":"custom/setup.go:392","msg":"handle http request for http://localhost:8080/","tunnelID":"2563317","requestID":201}
{"level":"debug","time":"2024-10-05T16:04:16.709+0200","caller":"custom/setup.go:392","msg":"handle http request for http://localhost:8080/js/chunk-vendors.js","tunnelID":"2563317","requestID":202}
{"level":"debug","time":"2024-10-05T16:04:16.814+0200","caller":"custom/setup.go:392","msg":"handle http request for http://localhost:8080/js/app.js","tunnelID":"2563317","requestID":203}
{"level":"debug","time":"2024-10-05T16:04:17.714+0200","caller":"custom/setup.go:392","msg":"handle http request for http://localhost:8080/","tunnelID":"2563317","requestID":204}
{"level":"debug","time":"2024-10-05T16:04:17.873+0200","caller":"custom/setup.go:392","msg":"handle http request for http://localhost:8080/js/app.js","tunnelID":"2563317","requestID":205}
{"level":"debug","time":"2024-10-05T16:04:17.875+0200","caller":"custom/setup.go:392","msg":"handle http request for http://localhost:8080/js/chunk-vendors.js","tunnelID":"2563317","requestID":206}
{"level":"debug","time":"2024-10-05T16:04:18.153+0200","caller":"custom/setup.go:392","msg":"handle http request for http://192.168.1.6:8080/ws","tunnelID":"2563317","requestID":207}
{"level":"debug","time":"2024-10-05T16:04:18.280+0200","caller":"custom/setup.go:392","msg":"handle http request for http://localhost:8080/","tunnelID":"2563317","requestID":208}
{"level":"debug","time":"2024-10-05T16:04:18.430+0200","caller":"custom/setup.go:392","msg":"handle http request for http://localhost:8080/js/chunk-vendors.js","tunnelID":"2563317","requestID":209}
{"level":"debug","time":"2024-10-05T16:04:18.437+0200","caller":"custom/setup.go:392","msg":"handle http request for http://localhost:8080/js/app.js","tunnelID":"2563317","requestID":210}
{"level":"debug","time":"2024-10-05T16:04:18.638+0200","caller":"custom/setup.go:392","msg":"handle http request for http://localhost:8080/","tunnelID":"2563317","requestID":211}
{"level":"debug","time":"2024-10-05T16:04:18.784+0200","caller":"custom/setup.go:392","msg":"handle http request for http://localhost:8080/js/chunk-vendors.js","tunnelID":"2563317","requestID":212}
{"level":"debug","time":"2024-10-05T16:04:18.787+0200","caller":"custom/setup.go:392","msg":"handle http request for http://localhost:8080/js/app.js","tunnelID":"2563317","requestID":213}
{"level":"debug","time":"2024-10-05T16:04:19.011+0200","caller":"custom/setup.go:392","msg":"handle http request for http://localhost:8080/","tunnelID":"2563317","requestID":214}
{"level":"debug","time":"2024-10-05T16:04:19.025+0200","caller":"custom/setup.go:392","msg":"handle http request for http://192.168.1.6:8080/ws","tunnelID":"2563317","requestID":215}
{"level":"debug","time":"2024-10-05T16:04:19.163+0200","caller":"custom/setup.go:392","msg":"handle http request for http://localhost:8080/js/chunk-vendors.js","tunnelID":"2563317","requestID":216}
{"level":"debug","time":"2024-10-05T16:04:19.168+0200","caller":"custom/setup.go:392","msg":"handle http request for http://localhost:8080/js/app.js","tunnelID":"2563317","requestID":217}
{"level":"debug","time":"2024-10-05T16:04:19.456+0200","caller":"custom/setup.go:392","msg":"handle http request for http://localhost:8080/","tunnelID":"2563317","requestID":218}
{"level":"debug","time":"2024-10-05T16:04:19.610+0200","caller":"custom/setup.go:392","msg":"handle http request for http://localhost:8080/js/app.js","tunnelID":"2563317","requestID":219}
{"level":"debug","time":"2024-10-05T16:04:19.614+0200","caller":"custom/setup.go:392","msg":"handle http request for http://localhost:8080/js/chunk-vendors.js","tunnelID":"2563317","requestID":220}
{"level":"debug","time":"2024-10-05T16:04:19.882+0200","caller":"custom/setup.go:392","msg":"handle http request for http://192.168.1.6:8080/ws","tunnelID":"2563317","requestID":221}
{"level":"debug","time":"2024-10-05T16:04:30.801+0200","caller":"custom/setup.go:392","msg":"handle http request for http://localhost:8080/","tunnelID":"2563317","requestID":222}
{"level":"debug","time":"2024-10-05T16:04:34.557+0200","caller":"custom/setup.go:588","msg":"handling connect request for URL https://safebrowsingohttpgateway.googleapis.com:443","tunnelID":"2563317","requestID":223}
{"level":"debug","time":"2024-10-05T16:04:34.561+0200","caller":"custom/setup.go:588","msg":"handling connect request for URL https://clientservices.googleapis.com:443","tunnelID":"2563317","requestID":224}
{"level":"debug","time":"2024-10-05T16:04:34.587+0200","caller":"custom/setup.go:588","msg":"handling connect request for URL https://accounts.google.com:443","tunnelID":"2563317","requestID":225}
{"level":"debug","time":"2024-10-05T16:04:36.743+0200","caller":"custom/setup.go:392","msg":"handle http request for http://localhost:8080/about","tunnelID":"2563317","requestID":226}
{"level":"debug","time":"2024-10-05T16:04:36.908+0200","caller":"custom/setup.go:392","msg":"handle http request for http://localhost:8080/js/app.js","tunnelID":"2563317","requestID":227}
{"level":"debug","time":"2024-10-05T16:04:37.018+0200","caller":"custom/setup.go:392","msg":"handle http request for http://localhost:8080/js/chunk-vendors.js","tunnelID":"2563317","requestID":228}
{"level":"debug","time":"2024-10-05T16:04:37.925+0200","caller":"custom/setup.go:392","msg":"handle http request for http://localhost:8080/about","tunnelID":"2563317","requestID":229}
{"level":"debug","time":"2024-10-05T16:04:38.096+0200","caller":"custom/setup.go:392","msg":"handle http request for http://localhost:8080/js/app.js","tunnelID":"2563317","requestID":230}
{"level":"debug","time":"2024-10-05T16:04:38.102+0200","caller":"custom/setup.go:392","msg":"handle http request for http://localhost:8080/js/chunk-vendors.js","tunnelID":"2563317","requestID":231}
{"level":"debug","time":"2024-10-05T16:04:38.372+0200","caller":"custom/setup.go:392","msg":"handle http request for http://192.168.1.6:8080/ws","tunnelID":"2563317","requestID":232}
{"level":"debug","time":"2024-10-05T16:04:38.393+0200","caller":"custom/setup.go:392","msg":"handle http request for http://localhost:8080/about","tunnelID":"2563317","requestID":233}
{"level":"debug","time":"2024-10-05T16:04:38.549+0200","caller":"custom/setup.go:392","msg":"handle http request for http://localhost:8080/js/app.js","tunnelID":"2563317","requestID":234}
{"level":"debug","time":"2024-10-05T16:04:38.550+0200","caller":"custom/setup.go:392","msg":"handle http request for http://localhost:8080/js/chunk-vendors.js","tunnelID":"2563317","requestID":235}
{"level":"debug","time":"2024-10-05T16:04:38.751+0200","caller":"custom/setup.go:392","msg":"handle http request for http://localhost:8080/about","tunnelID":"2563317","requestID":236}
{"level":"debug","time":"2024-10-05T16:04:38.905+0200","caller":"custom/setup.go:392","msg":"handle http request for http://localhost:8080/js/app.js","tunnelID":"2563317","requestID":237}
{"level":"debug","time":"2024-10-05T16:04:38.909+0200","caller":"custom/setup.go:392","msg":"handle http request for http://localhost:8080/js/chunk-vendors.js","tunnelID":"2563317","requestID":238}
{"level":"debug","time":"2024-10-05T16:04:47.005+0200","caller":"core/lifecycle.go:437","msg":"Context cancelled"}
{"level":"debug","time":"2024-10-05T16:04:47.005+0200","caller":"custom/setup.go:906","msg":"Exiting the sink proxy","tunnelID":"2563317"}
{"level":"info","time":"2024-10-05T16:04:47.005+0200","caller":"core/lifecycle.go:439","msg":"Stopping tunnel"}
{"level":"debug","time":"2024-10-05T16:04:47.005+0200","caller":"apiserver/setup.go:144","msg":"Shutting down the server"}
{"level":"debug","time":"2024-10-05T16:04:47.006+0200","caller":"ws/control.go:140","msg":"Unusual close error on control channel..."}
{"level":"debug","time":"2024-10-05T16:04:47.006+0200","caller":"ws/control.go:193","msg":"Write loop ended for control channel"}
